<?xml version="1.0" encoding="UTF-8"?>
<!-- Generated by org.testng.reporters.JUnitReportReporter -->
<testsuite skipped="0" hostname="DESKTOP-5CJSCVQ" name="testCases.TC_001_AccountRegistration" tests="1" failures="0" timestamp="2021-03-24T17:50:02 EDT" time="6.138" errors="0">
  <testcase name="test_account_Registration" time="6.138" classname="testCases.TC_001_AccountRegistration"/>
  <system-out/>
</testsuite> <!-- testCases.TC_001_AccountRegistration -->
