<?xml version="1.0" encoding="UTF-8"?>
<!-- Generated by org.testng.reporters.JUnitReportReporter -->
<testsuite skipped="0" hostname="DESKTOP-5CJSCVQ" name="testCases.TC_002_Login" tests="1" failures="0" timestamp="2021-03-24T17:50:02 EDT" time="6.454" errors="0">
  <testcase name="test_Login" time="6.454" classname="testCases.TC_002_Login"/>
  <system-out/>
</testsuite> <!-- testCases.TC_002_Login -->
